2019-02-19 10:46:42.5606 | TRACE | GreenAPI.Controllers.PaymeentController | Trace 

2019-02-19 10:46:42.5969 | DEBUG | GreenAPI.Controllers.PaymeentController | Debug 

2019-02-19 10:46:42.5969 | INFO | GreenAPI.Controllers.PaymeentController | Info 

2019-02-19 10:46:42.5969 | WARN | GreenAPI.Controllers.PaymeentController | Warn 

2019-02-19 11:00:34.6888 | TRACE | GreenAPI.Controllers.PaymeentController | Trace 

2019-02-19 11:00:34.7229 | DEBUG | GreenAPI.Controllers.PaymeentController | Debug 

2019-02-19 11:00:34.7229 | INFO | GreenAPI.Controllers.PaymeentController | Info 

2019-02-19 11:00:34.7229 | WARN | GreenAPI.Controllers.PaymeentController | Warn 

2019-02-19 11:00:44.5081 | TRACE | GreenAPI.Controllers.PaymeentController | Trace 

2019-02-19 11:00:44.5081 | DEBUG | GreenAPI.Controllers.PaymeentController | Debug 

2019-02-19 11:00:44.5092 | INFO | GreenAPI.Controllers.PaymeentController | Info 

2019-02-19 11:00:44.5092 | WARN | GreenAPI.Controllers.PaymeentController | Warn 

2019-02-19 11:01:49.4441 | TRACE | GreenAPI.Controllers.PaymeentController | Trace 

2019-02-19 11:01:49.4441 | DEBUG | GreenAPI.Controllers.PaymeentController | Debug 

2019-02-19 11:01:49.4481 | INFO | GreenAPI.Controllers.PaymeentController | Info 

2019-02-19 11:01:49.4481 | WARN | GreenAPI.Controllers.PaymeentController | Warn 

2019-02-19 11:02:48.4857 | TRACE | GreenAPI.Controllers.PaymeentController | model 

2019-02-19 11:02:48.5148 | DEBUG | GreenAPI.Controllers.PaymeentController | model 

2019-02-19 11:02:48.5148 | INFO | GreenAPI.Controllers.PaymeentController | model 

2019-02-19 11:02:48.5148 | WARN | GreenAPI.Controllers.PaymeentController | model 

2019-02-19 11:05:49.9476 | TRACE | GreenAPI.Controllers.PaymeentController | model 

2019-02-19 11:05:49.9763 | DEBUG | GreenAPI.Controllers.PaymeentController | model 

2019-02-19 11:05:49.9763 | INFO | GreenAPI.Controllers.PaymeentController | model 

2019-02-19 11:05:49.9776 | WARN | GreenAPI.Controllers.PaymeentController | model 

2019-02-19 11:06:28.4068 | TRACE | GreenAPI.Controllers.PaymeentController | model 

2019-02-19 11:06:28.4068 | DEBUG | GreenAPI.Controllers.PaymeentController | model 

2019-02-19 11:06:28.4068 | INFO | GreenAPI.Controllers.PaymeentController | model 

2019-02-19 11:06:28.4068 | WARN | GreenAPI.Controllers.PaymeentController | model 

